#
# There is insufficient memory for the Java Runtime Environment to continue.
# Native memory allocation (malloc) failed to allocate 1048576 bytes for AllocateHeap
# Possible reasons:
#   The system is out of physical RAM or swap space
#   In 32 bit mode, the process size limit was hit
# Possible solutions:
#   Reduce memory load on the system
#   Increase physical memory or swap space
#   Check if swap backing store is full
#   Use 64 bit Java on a 64 bit OS
#   Decrease Java heap size (-Xmx/-Xms)
#   Decrease number of Java threads
#   Decrease Java thread stack sizes (-Xss)
#   Set larger code cache with -XX:ReservedCodeCacheSize=
# This output file may be truncated or incomplete.
#
#  Out of Memory Error (memory/allocation.inline.hpp:61), pid=48268, tid=0x000000000000c47c
#
# JRE version:  (8.0) (build )
# Java VM: OpenJDK 64-Bit Server VM (25.71-b00 mixed mode windows-amd64 compressed oops)
# Failed to write core dump. Minidumps are not enabled by default on client versions of Windows
#

---------------  T H R E A D  ---------------

Current thread (0x0000000003073800):  JavaThread "Unknown thread" [_thread_in_vm, id=50300, stack(0x0000000002f70000,0x0000000003070000)]

Stack: [0x0000000002f70000,0x0000000003070000]
[error occurred during error reporting (printing stack bounds), id 0xc0000005]

Native frames: (J=compiled Java code, j=interpreted, Vv=VM code, C=native code)


---------------  P R O C E S S  ---------------

Java Threads: ( => current thread )

Other Threads:

=>0x0000000003073800 (exited) JavaThread "Unknown thread" [_thread_in_vm, id=50300, stack(0x0000000002f70000,0x0000000003070000)]

VM state:not at safepoint (normal execution)

VM Mutex/Monitor currently owned by a thread: None

Heap:
 PSYoungGen      total 73728K, used 1269K [0x000000076e180000, 0x0000000773380000, 0x00000007c0000000)
  eden space 63488K, 2% used [0x000000076e180000,0x000000076e2bd718,0x0000000771f80000)
  from space 10240K, 0% used [0x0000000772980000,0x0000000772980000,0x0000000773380000)
  to   space 10240K, 0% used [0x0000000771f80000,0x0000000771f80000,0x0000000772980000)
 ParOldGen       total 167936K, used 0K [0x00000006ca400000, 0x00000006d4800000, 0x000000076e180000)
  object space 167936K, 0% used [0x00000006ca400000,0x00000006ca400000,0x00000006d4800000)
 Metaspace       used 777K, capacity 4480K, committed 4480K, reserved 1056768K
  class space    used 74K, capacity 384K, committed 384K, reserved 1048576K

Card table byte_map: [0x0000000012530000,0x0000000012ce0000] byte_map_base: 0x000000000eede000

Marking Bits: (ParMarkBitMap*) 0x000000005205be50
 Begin Bits: [0x0000000013f00000, 0x0000000017c70000)
 End Bits:   [0x0000000017c70000, 0x000000001b9e0000)

Polling page: 0x00000000011e0000

CodeCache: size=245760Kb used=327Kb max_used=327Kb free=245432Kb
 bounds [0x0000000003170000, 0x00000000033e0000, 0x0000000012170000]
 total_blobs=56 nmethods=0 adapters=38
 compilation: enabled

Compilation events (0 events):
No events

GC Heap History (0 events):
No events

Deoptimization events (0 events):
No events

Classes redefined (0 events):
No events

Internal exceptions (0 events):
No events

Events (10 events):
Event: 0.018 loading class java/lang/Short
Event: 0.018 loading class java/lang/Short done
Event: 0.018 loading class java/lang/Integer
Event: 0.018 loading class java/lang/Integer done
Event: 0.018 loading class java/lang/Long
Event: 0.018 loading class java/lang/Long done
Event: 0.019 loading class java/lang/NullPointerException
Event: 0.019 loading class java/lang/NullPointerException done
Event: 0.019 loading class java/lang/ArithmeticException
Event: 0.019 loading class java/lang/ArithmeticException done


Dynamic libraries:
0x00007ff6cf4d0000 - 0x00007ff6cf505000 	D:\GameDEv\unity\editor\2021.3.19f1\Editor\Data\PlaybackEngines\AndroidPlayer\OpenJDK\bin\java.exe
0x00007ff8631f0000 - 0x00007ff863406000 	C:\Windows\SYSTEM32\ntdll.dll
0x00007ff82e410000 - 0x00007ff82e429000 	C:\Program Files\AVG\Antivirus\aswhook.dll
0x00007ff862090000 - 0x00007ff862154000 	C:\Windows\System32\KERNEL32.DLL
0x00007ff8608b0000 - 0x00007ff860c57000 	C:\Windows\System32\KERNELBASE.dll
0x00007ff860f20000 - 0x00007ff860fd2000 	C:\Windows\System32\ADVAPI32.dll
0x00007ff862160000 - 0x00007ff862207000 	C:\Windows\System32\msvcrt.dll
0x00007ff861a50000 - 0x00007ff861af8000 	C:\Windows\System32\sechost.dll
0x00007ff860ef0000 - 0x00007ff860f18000 	C:\Windows\System32\bcrypt.dll
0x00007ff861f70000 - 0x00007ff862085000 	C:\Windows\System32\RPCRT4.dll
0x00007ff862210000 - 0x00007ff8623be000 	C:\Windows\System32\USER32.dll
0x00007ff860ec0000 - 0x00007ff860ee6000 	C:\Windows\System32\win32u.dll
0x00007ff861ee0000 - 0x00007ff861f09000 	C:\Windows\System32\GDI32.dll
0x00007ff8606f0000 - 0x00007ff860809000 	C:\Windows\System32\gdi32full.dll
0x00007ff860810000 - 0x00007ff8608aa000 	C:\Windows\System32\msvcp_win.dll
0x00007ff860d20000 - 0x00007ff860e31000 	C:\Windows\System32\ucrtbase.dll
0x00007ff84f6a0000 - 0x00007ff84f933000 	C:\Windows\WinSxS\amd64_microsoft.windows.common-controls_6595b64144ccf1df_6.0.22621.3235_none_270f74e173860f98\COMCTL32.dll
0x00007ff860fe0000 - 0x00007ff861011000 	C:\Windows\System32\IMM32.DLL
0x00000000520e0000 - 0x00000000521b2000 	D:\GameDEv\unity\editor\2021.3.19f1\Editor\Data\PlaybackEngines\AndroidPlayer\OpenJDK\jre\bin\msvcr100.dll
0x0000000051890000 - 0x00000000520d9000 	D:\GameDEv\unity\editor\2021.3.19f1\Editor\Data\PlaybackEngines\AndroidPlayer\OpenJDK\jre\bin\server\jvm.dll
0x00007ff862f80000 - 0x00007ff862f88000 	C:\Windows\System32\PSAPI.DLL
0x00007ff858c30000 - 0x00007ff858c64000 	C:\Windows\SYSTEM32\WINMM.dll
0x00007ff84d6f0000 - 0x00007ff84d6f9000 	C:\Windows\SYSTEM32\WSOCK32.dll
0x00007ff8571d0000 - 0x00007ff8571da000 	C:\Windows\SYSTEM32\VERSION.dll
0x00007ff862f90000 - 0x00007ff863001000 	C:\Windows\System32\WS2_32.dll
0x00007ff85bc30000 - 0x00007ff85bc3f000 	D:\GameDEv\unity\editor\2021.3.19f1\Editor\Data\PlaybackEngines\AndroidPlayer\OpenJDK\jre\bin\verify.dll
0x00007ff859df0000 - 0x00007ff859e19000 	D:\GameDEv\unity\editor\2021.3.19f1\Editor\Data\PlaybackEngines\AndroidPlayer\OpenJDK\jre\bin\java.dll
0x00007ff85bc10000 - 0x00007ff85bc26000 	D:\GameDEv\unity\editor\2021.3.19f1\Editor\Data\PlaybackEngines\AndroidPlayer\OpenJDK\jre\bin\zip.dll

VM Arguments:
jvm_args: -Dfile.encoding=UTF-8 
java_command: <unknown>
java_class_path (initial): .
Launcher Type: SUN_STANDARD

Environment Variables:
JAVA_TOOL_OPTIONS=-Dfile.encoding=UTF-8
PATH=C:\Program Files (x86)\Common Files\Oracle\Java\java8path;C:\Program Files (x86)\Common Files\Oracle\Java\javapath;C:\Program Files\Eclipse Adoptium\jdk-21.0.3.9-hotspot\bin;C:\Windows\system32;C:\Windows;C:\Windows\System32\Wbem;C:\Windows\System32\WindowsPowerShell\v1.0\;C:\Windows\System32\OpenSSH\;C:\Program Files (x86)\NVIDIA Corporation\PhysX\Common;C:\Program Files\NVIDIA Corporation\NVIDIA NvDLISR;C:\Program Files\dotnet\;C:\Program Files\nodejs\;C:\Program Files\Microsoft SQL Server\130\Tools\Binn\;C:\Program Files\Microsoft SQL Server\Client SDK\ODBC\170\Tools\Binn\;D:\Program Files\Git\cmd;C:\Program Files\Microsoft SQL Server\150\Tools\Binn\;C:\Program Files (x86)\Microsoft SQL Server\160\Tools\Binn\;C:\Program Files\Microsoft SQL Server\160\Tools\Binn\;C:\Program Files\Microsoft SQL Server\160\DTS\Binn\;C:\Program Files (x86)\Microsoft SQL Server\160\DTS\Binn\;C:\Program Files\Docker\Docker\resources\bin;C:\Users\tunah\AppData\Local\Programs\Python\Python312\Scripts\;C:\Users\tunah\AppData\Local\Programs\Python\Python312\;C:\Users\tunah\AppData\Local\Microsoft\WindowsApps;C:\Users\tunah\AppData\Local\Programs\Microsoft VS Code\bin;C:\Users\tunah\.dotnet\tools;C:\Users\tunah\AppData\Local\GitHubDesktop\bin;C:\Users\tunah\AppData\Roaming\npm
USERNAME=tunah
OS=Windows_NT
PROCESSOR_IDENTIFIER=AMD64 Family 25 Model 80 Stepping 0, AuthenticAMD



---------------  S Y S T E M  ---------------

OS: Windows 10.0 , 64 bit Build 22621 (10.0.22621.3374)

CPU:total 16 (initial active 16) (16 cores per cpu, 1 threads per core) family 25 model 80 stepping 0, cmov, cx8, fxsr, mmx, sse, sse2, sse3, ssse3, sse4.1, sse4.2, popcnt, avx, avx2, aes, clmul, erms, mmxext, 3dnowpref, lzcnt, sse4a, tsc, tscinvbit, tscinv, bmi1

Memory: 4k page, physical 16101436k(300280k free), swap 30781500k(5896k free)

vm_info: OpenJDK 64-Bit Server VM (25.71-b00) for windows-amd64 JRE (1.8.0-adoptopenjdk-_2018_05_19_00_59-b00), built on May 19 2018 01:02:12 by "jenkins" with MS VC++ 10.0 (VS2010)

time: Mon May 06 20:14:01 2024
elapsed time: 0 seconds (0d 0h 0m 0s)

